Base path: D:/Program Files/Unity_5.4.5f1/Editor/Data
Cmd: getPlatforms
Cmd: compileSnippet
  api=4 type=0 insize=4310 outsize=1342 kw=SPOT pd=UNITY_ENABLE_REFLECTION_BUFFERS UNITY_PBS_USE_BRDF1 UNITY_SPECCUBE_BOX_PROJECTION UNITY_SPECCUBE_BLENDING ok=1
Cmd: disassembleShader
  api=15 insize=1342 outsize=2469 ok=1
Cmd: compileSnippet
  api=4 type=0 insize=4310 outsize=1534 kw=DIRECTIONAL_COOKIE SHADOWS_SCREEN pd=UNITY_ENABLE_REFLECTION_BUFFERS UNITY_PBS_USE_BRDF1 UNITY_SPECCUBE_BOX_PROJECTION UNITY_SPECCUBE_BLENDING ok=1
Cmd: disassembleShader
  api=15 insize=1534 outsize=2800 ok=1
Cmd: compileSnippet
  api=1 type=0 insize=4310 outsize=728 kw=POINT SHADOWS_CUBE SHADOWS_SOFT pd=UNITY_ENABLE_REFLECTION_BUFFERS UNITY_PBS_USE_BRDF1 UNITY_SPECCUBE_BOX_PROJECTION UNITY_SPECCUBE_BLENDING ok=1
Cmd: disassembleShader
  api=10 insize=728 outsize=1228 ok=1
Cmd: compileSnippet
  api=1 type=1 insize=4310 outsize=1976 kw=DIRECTIONAL pd=UNITY_ENABLE_REFLECTION_BUFFERS UNITY_PBS_USE_BRDF1 UNITY_SPECCUBE_BOX_PROJECTION UNITY_SPECCUBE_BLENDING ok=1
Cmd: disassembleShader
  api=12 insize=1976 outsize=3522 ok=1
Cmd: compileSnippet
  api=4 type=1 insize=4310 outsize=3174 kw=DIRECTIONAL_COOKIE SHADOWS_SCREEN pd=UNITY_ENABLE_REFLECTION_BUFFERS UNITY_PBS_USE_BRDF1 UNITY_SPECCUBE_BOX_PROJECTION UNITY_SPECCUBE_BLENDING ok=1
Cmd: disassembleShader
  api=17 insize=3174 outsize=4548 ok=1
Cmd: compileSnippet
  api=4 type=1 insize=4310 outsize=3974 kw=POINT_COOKIE SHADOWS_CUBE SHADOWS_SOFT pd=UNITY_ENABLE_REFLECTION_BUFFERS UNITY_PBS_USE_BRDF1 UNITY_SPECCUBE_BOX_PROJECTION UNITY_SPECCUBE_BLENDING ok=1
Cmd: disassembleShader
  api=17 insize=3974 outsize=5684 ok=1
Cmd: disassembleShader
  api=17 insize=2298 outsize=4056 ok=1
Cmd: compileSnippet
  api=15 type=1 insize=7506 outsize=0 kw=DIRECTIONAL LIGHTMAP_OFF DYNAMICLIGHTMAP_OFF pd=UNITY_ENABLE_REFLECTION_BUFFERS UNITY_PBS_USE_BRDF1 UNITY_SPECCUBE_BOX_PROJECTION UNITY_SPECCUBE_BLENDING SHADER_API_DESKTOP ok=1
Cmd: disassembleShader
  api=6 insize=0 outsize=45 ok=1
Cmd: compileSnippet
  api=15 type=0 insize=4310 outsize=7368 kw=POINT_COOKIE pd=UNITY_ENABLE_REFLECTION_BUFFERS UNITY_PBS_USE_BRDF1 UNITY_SPECCUBE_BOX_PROJECTION UNITY_SPECCUBE_BLENDING SHADER_API_DESKTOP ok=1
Cmd: disassembleShader
  api=6 insize=7368 outsize=7368 ok=1
Cmd: compileSnippet
  api=15 type=0 insize=4310 outsize=8882 kw=POINT_COOKIE SHADOWS_CUBE SHADOWS_SOFT pd=UNITY_ENABLE_REFLECTION_BUFFERS UNITY_PBS_USE_BRDF1 UNITY_SPECCUBE_BOX_PROJECTION UNITY_SPECCUBE_BLENDING SHADER_API_DESKTOP ok=1
Cmd: disassembleShader
  api=6 insize=8882 outsize=8882 ok=1
Cmd: compileSnippet
  api=15 type=1 insize=4310 outsize=0 kw=SPOT SHADOWS_DEPTH pd=UNITY_ENABLE_REFLECTION_BUFFERS UNITY_PBS_USE_BRDF1 UNITY_SPECCUBE_BOX_PROJECTION UNITY_SPECCUBE_BLENDING SHADER_API_DESKTOP ok=1
Cmd: disassembleShader
  api=6 insize=0 outsize=45 ok=1
Cmd: compileSnippet
  api=15 type=1 insize=4310 outsize=0 kw=POINT SHADOWS_CUBE SHADOWS_SOFT pd=UNITY_ENABLE_REFLECTION_BUFFERS UNITY_PBS_USE_BRDF1 UNITY_SPECCUBE_BOX_PROJECTION UNITY_SPECCUBE_BLENDING SHADER_API_DESKTOP ok=1
Cmd: disassembleShader
  api=6 insize=0 outsize=45 ok=1
Cmd: compileSnippet
  api=15 type=1 insize=6616 outsize=0 kw=LIGHTMAP_OFF DYNAMICLIGHTMAP_OFF UNITY_HDR_ON pd=UNITY_ENABLE_REFLECTION_BUFFERS UNITY_PBS_USE_BRDF1 UNITY_SPECCUBE_BOX_PROJECTION UNITY_SPECCUBE_BLENDING SHADER_API_DESKTOP ok=1
Cmd: disassembleShader
  api=6 insize=0 outsize=45 ok=1
Cmd: disassembleShader
  api=10 insize=1748 outsize=2899 ok=1
Cmd: disassembleShader
  api=17 insize=6302 outsize=8916 ok=1
Cmd: disassembleShader
  api=15 insize=1342 outsize=2469 ok=1
Cmd: disassembleShader
  api=10 insize=728 outsize=1228 ok=1
Cmd: disassembleShader
  api=15 insize=1450 outsize=2679 ok=1
Cmd: disassembleShader
  api=17 insize=3238 outsize=4567 ok=1
Cmd: disassembleShader
  api=17 insize=3510 outsize=4933 ok=1
Cmd: disassembleShader
  api=17 insize=3974 outsize=5684 ok=1
Cmd: disassembleShader
  api=12 insize=1020 outsize=1925 ok=1
